#
# A fatal error has been detected by the Java Runtime Environment:
#
#  SIGSEGV (0xb) at pc=0x00007fbffc4629f5, pid=11746, tid=140462098274048
#
# JRE version: OpenJDK Runtime Environment (7.0_75-b13) (build 1.7.0_75-b13)
# Java VM: OpenJDK 64-Bit Server VM (24.75-b04 mixed mode linux-amd64 compressed oops)
# Derivative: IcedTea 2.5.4
# Distribution: Ubuntu 14.04 LTS, package 7u75-2.5.4-1~trusty1
# Problematic frame:
# V  [libjvm.so+0x64b9f5]  JNIHandles::checked_resolve_jmethod_id(_jmethodID*)+0x35
#
# Failed to write core dump. Core dumps have been disabled. To enable core dumping, try "ulimit -c unlimited" before starting Java again
#
# If you would like to submit a bug report, please include
# instructions on how to reproduce the bug and visit:
#   http://icedtea.classpath.org/bugzilla
#

---------------  T H R E A D  ---------------

Current thread (0x00007fbff40bb800):  JavaThread "JDWP Transport Listener: dt_socket" daemon [_thread_in_vm, id=11765, stack(0x00007fbfe168d000,0x00007fbfe178e000)]

siginfo:si_signo=SIGSEGV: si_errno=0, si_code=1 (SEGV_MAPERR), si_addr=0x00000005a0000750

Registers:
RAX=0x00007fbffcbd9420, RBX=0x00007fbfb40000f8, RCX=0x0000000000000003, RDX=0x00000005a0000740
RSP=0x00007fbfe178c9b0, RBP=0x00007fbfe178c9c0, RSI=0x00007fbff40bb800, RDI=0x00007fbfb4000108
R8 =0x0000000000000000, R9 =0x00007fbfb4006330, R10=0x00007fbfe178c9b0, R11=0x0000000000000001
R12=0x00007fbfe178ca97, R13=0x00007fbfb4000108, R14=0x00007fbff40bb800, R15=0x00007fbfe178c9e0
RIP=0x00007fbffc4629f5, EFLAGS=0x0000000000010202, CSGSFS=0x0000000000000033, ERR=0x0000000000000004
  TRAPNO=0x000000000000000e

Top of Stack: (sp=0x00007fbfe178c9b0)
0x00007fbfe178c9b0:   00007fbfe178ca97 00007fbff4003ee0
0x00007fbfe178c9c0:   00007fbfe178ca30 00007fbffc457e23
0x00007fbfe178c9d0:   00007fbffcbff86c 00007fbffc4a2786
0x00007fbfe178c9e0:   00007fbff40bb800 0000000000000000
0x00007fbfe178c9f0:   00007fbf00000000 0000000000000000
0x00007fbfe178ca00:   00007fbfe178cb80 00007fbfe178ca97
0x00007fbfe178ca10:   00007fbffafaef00 00007fbfb4000108
0x00007fbfe178ca20:   00007fbfe178ca97 00007fbfe178ca9c
0x00007fbfe178ca30:   00007fbfe178ca60 00007fbffad9aab9
0x00007fbfe178ca40:   00007fbfe178ca60 0000000000000005
0x00007fbfe178ca50:   00007fbfe178cb80 00007fbfb4000108
0x00007fbfe178ca60:   00007fbfe178caf0 00007fbffad7b5f8
0x00007fbfe178ca70:   00007fbfe178cab0 00007fbfe178cab0
0x00007fbfe178ca80:   00007fbfe178cab8 00000001fad804c9
0x00007fbfe178ca90:   00007fbfe178cb50 0000000a00000006
0x00007fbfe178caa0:   00007fbfb4006250 0000000000000000
0x00007fbfe178cab0:   0000000000000000 0000000000000000
0x00007fbfe178cac0:   00007fbfe178cb50 00000000000f0200
0x00007fbfe178cad0:   00007fbfe178cb50 0000000000000002
0x00007fbfe178cae0:   00007fbfe178cb80 00007fbffafaef00
0x00007fbfe178caf0:   00007fbfe178cd40 00007fbffad85688
0x00007fbfe178cb00:   0001318900000013 00007fbfb40f0200
0x00007fbfe178cb10:   00007fbfac000fb0 00007fbffc40a7cc
0x00007fbfe178cb20:   00007fbff40bdee0 00007fbfac00080f
0x00007fbfe178cb30:   0001318900000013 00007fbfb40f0200
0x00007fbfe178cb40:   00007fbfac000fb0 00007fbff40b3098
0x00007fbfe178cb50:   00007fbfac000fb8 000000000000000b
0x00007fbfe178cb60:   0001318900000013 00007fbfb40f0200
0x00007fbfe178cb70:   00007fbfac000fb0 00007fbfb4005f50
0x00007fbfe178cb80:   00007fbfb40063bb 000000000000022d
0x00007fbfe178cb90:   00007fbfb4003be0 00007fbf0000012c
0x00007fbfe178cba0:   00007fbfe178cbd0 00007fbfb4003be0 

Instructions: (pc=0x00007fbffc4629f5)
0x00007fbffc4629d5:   83 ec 08 48 8b 1f 48 39 c3 74 38 48 85 db 74 33
0x00007fbffc4629e5:   48 8d 05 d7 2b 79 00 80 38 00 75 37 48 8b 53 08
0x00007fbffc4629f5:   48 8b 42 10 48 8d 7a 10 ff 90 28 01 00 00 84 c0
0x00007fbffc462a05:   74 11 48 83 c4 08 48 89 d8 5b 5d c3 0f 1f 80 00 

Register to memory mapping:

RAX=0x00007fbffcbd9420: <offset 0xdc2420> in /usr/lib/jvm/java-7-openjdk-amd64/jre/lib/amd64/server/libjvm.so at 0x00007fbffbe17000
RBX=0x00007fbfb40000f8 is an unknown value
RCX=0x0000000000000003 is an unknown value
RDX=0x00000005a0000740 is an unknown value
RSP=0x00007fbfe178c9b0 is pointing into the stack for thread: 0x00007fbff40bb800
RBP=0x00007fbfe178c9c0 is pointing into the stack for thread: 0x00007fbff40bb800
RSI=0x00007fbff40bb800 is a thread
RDI=0x00007fbfb4000108 is an unknown value
R8 =0x0000000000000000 is an unknown value
R9 =0x00007fbfb4006330 is an unknown value
R10=0x00007fbfe178c9b0 is pointing into the stack for thread: 0x00007fbff40bb800
R11=0x0000000000000001 is an unknown value
R12=0x00007fbfe178ca97 is pointing into the stack for thread: 0x00007fbff40bb800
R13=0x00007fbfb4000108 is an unknown value
R14=0x00007fbff40bb800 is a thread
R15=0x00007fbfe178c9e0 is pointing into the stack for thread: 0x00007fbff40bb800


Stack: [0x00007fbfe168d000,0x00007fbfe178e000],  sp=0x00007fbfe178c9b0,  free space=1022k
Native frames: (J=compiled Java code, j=interpreted, Vv=VM code, C=native code)
V  [libjvm.so+0x64b9f5]  JNIHandles::checked_resolve_jmethod_id(_jmethodID*)+0x35
V  [libjvm.so+0x640e23]  jvmti_IsMethodSynthetic+0x1f3
C  [libjdwp.so+0x26ab9]
C  [libjdwp.so+0x75f8]
C  [libjdwp.so+0x11688]
C  [libjdwp.so+0x23795]
V  [libjvm.so+0x6aa50b]  JvmtiAgentThread::start_function_wrapper(JavaThread*, Thread*)+0x9b
V  [libjvm.so+0x900940]  JavaThread::thread_main_inner()+0xf0
V  [libjvm.so+0x900bb1]  JavaThread::run()+0x221
V  [libjvm.so+0x7c4a42]  java_start(Thread*)+0xf2


---------------  P R O C E S S  ---------------

Java Threads: ( => current thread )
  0x00007fbff40c7000 JavaThread "Service Thread" daemon [_thread_blocked, id=11775, stack(0x00007fbfe1188000,0x00007fbfe1289000)]
  0x00007fbff40c4800 JavaThread "C2 CompilerThread1" daemon [_thread_blocked, id=11774, stack(0x00007fbfe1289000,0x00007fbfe138a000)]
  0x00007fbff40c1800 JavaThread "C2 CompilerThread0" daemon [_thread_blocked, id=11773, stack(0x00007fbfe138a000,0x00007fbfe148b000)]
  0x00007fbfb4001000 JavaThread "JDWP Command Reader" daemon [_thread_in_native, id=11770, stack(0x00007fbfe148b000,0x00007fbfe158c000)]
  0x00007fbff40bf800 JavaThread "JDWP Event Helper Thread" daemon [_thread_blocked, id=11766, stack(0x00007fbfe158c000,0x00007fbfe168d000)]
=>0x00007fbff40bb800 JavaThread "JDWP Transport Listener: dt_socket" daemon [_thread_in_vm, id=11765, stack(0x00007fbfe168d000,0x00007fbfe178e000)]
  0x00007fbff40af000 JavaThread "Signal Dispatcher" daemon [_thread_blocked, id=11763, stack(0x00007fbfe1993000,0x00007fbfe1a94000)]
  0x00007fbff4082800 JavaThread "Finalizer" daemon [_thread_blocked, id=11762, stack(0x00007fbfe1a94000,0x00007fbfe1b95000)]
  0x00007fbff4080800 JavaThread "Reference Handler" daemon [_thread_blocked, id=11761, stack(0x00007fbfe1b95000,0x00007fbfe1c96000)]
  0x00007fbff400c800 JavaThread "main" [_thread_blocked, id=11753, stack(0x00007fbffd923000,0x00007fbffda24000)]

Other Threads:
  0x00007fbff407c800 VMThread [stack: 0x00007fbfe1c96000,0x00007fbfe1d97000] [id=11760]
  0x00007fbff40d1800 WatcherThread [stack: 0x00007fbfe1087000,0x00007fbfe1188000] [id=11776]

VM state:not at safepoint (normal execution)

VM Mutex/Monitor currently owned by a thread: None

Heap
 PSYoungGen      total 2390016K, used 163922K [0x0000000759500000, 0x0000000800000000, 0x0000000800000000)
  eden space 2049024K, 8% used [0x0000000759500000,0x0000000763514908,0x00000007d6600000)
  from space 340992K, 0% used [0x00000007eb300000,0x00000007eb300000,0x0000000800000000)
  to   space 340992K, 0% used [0x00000007d6600000,0x00000007d6600000,0x00000007eb300000)
 ParOldGen       total 5461504K, used 0K [0x000000060bf80000, 0x0000000759500000, 0x0000000759500000)
  object space 5461504K, 0% used [0x000000060bf80000,0x000000060bf80000,0x0000000759500000)
 PSPermGen       total 21504K, used 4891K [0x0000000601980000, 0x0000000602e80000, 0x000000060bf80000)
  object space 21504K, 22% used [0x0000000601980000,0x0000000601e46ff0,0x0000000602e80000)

Card table byte_map: [0x00007fbff87f4000,0x00007fbff97e8000] byte_map_base: 0x00007fbff57e7400

Polling page: 0x00007fbffda48000

Code Cache  [0x00007fbff1000000, 0x00007fbff1270000, 0x00007fbff4000000)
 total_blobs=229 nmethods=13 adapters=179 free_code_cache=48725Kb largest_free_block=49870912

Compilation events (10 events):
Event: 0,198 Thread 0x00007fbff40c4800 nmethod 8 0x00007fbff1062910 code [0x00007fbff1062a80, 0x00007fbff1062d58]
Event: 0,205 Thread 0x00007fbff40c1800 nmethod 7 0x00007fbff10669d0 code [0x00007fbff1066b40, 0x00007fbff1067058]
Event: 0,208 Thread 0x00007fbff40c4800    9             java.lang.String::startsWith (72 bytes)
Event: 0,210 Thread 0x00007fbff40c4800 nmethod 9 0x00007fbff1065b90 code [0x00007fbff1065ce0, 0x00007fbff1065fb8]
Event: 0,215 Thread 0x00007fbff40c1800   10             sun.net.www.ParseUtil::encodePath (336 bytes)
Event: 0,215 Thread 0x00007fbff40c4800   11             java.lang.Object::<init> (1 bytes)
Event: 0,215 Thread 0x00007fbff40c4800 nmethod 11 0x00007fbff1067710 code [0x00007fbff1067840, 0x00007fbff10678d8]
Event: 0,227 Thread 0x00007fbff40c4800   12             java.lang.String::equals (81 bytes)
Event: 0,233 Thread 0x00007fbff40c4800 nmethod 12 0x00007fbff1068ad0 code [0x00007fbff1068c20, 0x00007fbff1068f18]
Event: 0,240 Thread 0x00007fbff40c1800 nmethod 10 0x00007fbff106e890 code [0x00007fbff106eb00, 0x00007fbff106fc58]

GC Heap History (0 events):
No events

Deoptimization events (0 events):
No events

Internal exceptions (10 events):
Event: 0,229 Thread 0x00007fbff400c800 Threw 0x00000007597ba100 at /build/buildd/openjdk-7-7u75-2.5.4/build/openjdk/hotspot/src/share/vm/prims/jvm.cpp:1284
Event: 0,229 Thread 0x00007fbff400c800 Threw 0x00000007597bca98 at /build/buildd/openjdk-7-7u75-2.5.4/build/openjdk/hotspot/src/share/vm/prims/jvm.cpp:1284
Event: 0,230 Thread 0x00007fbff400c800 Threw 0x00000007597c07e0 at /build/buildd/openjdk-7-7u75-2.5.4/build/openjdk/hotspot/src/share/vm/prims/jvm.cpp:1284
Event: 0,230 Thread 0x00007fbff400c800 Threw 0x00000007597c3f68 at /build/buildd/openjdk-7-7u75-2.5.4/build/openjdk/hotspot/src/share/vm/prims/jvm.cpp:1284
Event: 0,231 Thread 0x00007fbff400c800 Threw 0x00000007597c7778 at /build/buildd/openjdk-7-7u75-2.5.4/build/openjdk/hotspot/src/share/vm/prims/jvm.cpp:1284
Event: 0,231 Thread 0x00007fbff400c800 Threw 0x00000007597ca3b8 at /build/buildd/openjdk-7-7u75-2.5.4/build/openjdk/hotspot/src/share/vm/prims/jvm.cpp:1284
Event: 0,232 Thread 0x00007fbff400c800 Threw 0x00000007597ce1f8 at /build/buildd/openjdk-7-7u75-2.5.4/build/openjdk/hotspot/src/share/vm/prims/jvm.cpp:1284
Event: 0,233 Thread 0x00007fbff400c800 Threw 0x00000007597ddfa0 at /build/buildd/openjdk-7-7u75-2.5.4/build/openjdk/hotspot/src/share/vm/prims/jvm.cpp:1284
Event: 0,237 Thread 0x00007fbff400c800 Threw 0x00000007597e06d0 at /build/buildd/openjdk-7-7u75-2.5.4/build/openjdk/hotspot/src/share/vm/prims/jvm.cpp:1284
Event: 0,255 Thread 0x00007fbff400c800 Threw 0x000000075982f2d0 at /build/buildd/openjdk-7-7u75-2.5.4/build/openjdk/hotspot/src/share/vm/prims/jvm.cpp:1284

Events (10 events):
Event: 70,069 Executing VM operation: RedefineClasses
Event: 70,069 Executing VM operation: RedefineClasses done
Event: 133,473 Executing VM operation: RedefineClasses
Event: 133,473 Executing VM operation: RedefineClasses done
Event: 149,096 Executing VM operation: RedefineClasses
Event: 149,096 Executing VM operation: RedefineClasses done
Event: 209,258 Executing VM operation: RedefineClasses
Event: 209,258 Executing VM operation: RedefineClasses done
Event: 248,569 Executing VM operation: RedefineClasses
Event: 248,569 Executing VM operation: RedefineClasses done


Dynamic libraries:
00400000-00401000 r-xp 00000000 08:01 664687                             /usr/lib/jvm/java-7-openjdk-amd64/jre/bin/java
00600000-00601000 r--p 00000000 08:01 664687                             /usr/lib/jvm/java-7-openjdk-amd64/jre/bin/java
00601000-00602000 rw-p 00001000 08:01 664687                             /usr/lib/jvm/java-7-openjdk-amd64/jre/bin/java
022e1000-02302000 rw-p 00000000 00:00 0                                  [heap]
601980000-602e80000 rw-p 00000000 00:00 0 
602e80000-60bf80000 rw-p 00000000 00:00 0 
60bf80000-800000000 rw-p 00000000 00:00 0 
7fbf90000000-7fbf90021000 rw-p 00000000 00:00 0 
7fbf90021000-7fbf94000000 ---p 00000000 00:00 0 
7fbf97765000-7fbf9799f000 rw-p 00000000 00:00 0 
7fbf9799f000-7fbf979dc000 r-xp 00000000 08:01 266266                     /lib/x86_64-linux-gnu/libpcre.so.3.13.1
7fbf979dc000-7fbf97bdb000 ---p 0003d000 08:01 266266                     /lib/x86_64-linux-gnu/libpcre.so.3.13.1
7fbf97bdb000-7fbf97bdc000 r--p 0003c000 08:01 266266                     /lib/x86_64-linux-gnu/libpcre.so.3.13.1
7fbf97bdc000-7fbf97bdd000 rw-p 0003d000 08:01 266266                     /lib/x86_64-linux-gnu/libpcre.so.3.13.1
7fbf97bdd000-7fbf97be4000 r-xp 00000000 08:01 530974                     /usr/lib/x86_64-linux-gnu/libffi.so.6.0.1
7fbf97be4000-7fbf97de3000 ---p 00007000 08:01 530974                     /usr/lib/x86_64-linux-gnu/libffi.so.6.0.1
7fbf97de3000-7fbf97de4000 r--p 00006000 08:01 530974                     /usr/lib/x86_64-linux-gnu/libffi.so.6.0.1
7fbf97de4000-7fbf97de5000 rw-p 00007000 08:01 530974                     /usr/lib/x86_64-linux-gnu/libffi.so.6.0.1
7fbf97de5000-7fbf97dfc000 r-xp 00000000 08:01 262244                     /lib/x86_64-linux-gnu/libresolv-2.19.so
7fbf97dfc000-7fbf97ffc000 ---p 00017000 08:01 262244                     /lib/x86_64-linux-gnu/libresolv-2.19.so
7fbf97ffc000-7fbf97ffd000 r--p 00017000 08:01 262244                     /lib/x86_64-linux-gnu/libresolv-2.19.so
7fbf97ffd000-7fbf97ffe000 rw-p 00018000 08:01 262244                     /lib/x86_64-linux-gnu/libresolv-2.19.so
7fbf97ffe000-7fbf98000000 rw-p 00000000 00:00 0 
7fbf98000000-7fbf98021000 rw-p 00000000 00:00 0 
7fbf98021000-7fbf9c000000 ---p 00000000 00:00 0 
7fbf9c000000-7fbf9c021000 rw-p 00000000 00:00 0 
7fbf9c021000-7fbfa0000000 ---p 00000000 00:00 0 
7fbfa0000000-7fbfa021b000 rw-p 00000000 00:00 0 
7fbfa021b000-7fbfa4000000 ---p 00000000 00:00 0 
7fbfa4000000-7fbfa4089000 rw-p 00000000 00:00 0 
7fbfa4089000-7fbfa8000000 ---p 00000000 00:00 0 
7fbfa8000000-7fbfa8021000 rw-p 00000000 00:00 0 
7fbfa8021000-7fbfac000000 ---p 00000000 00:00 0 
7fbfac000000-7fbfac021000 rw-p 00000000 00:00 0 
7fbfac021000-7fbfb0000000 ---p 00000000 00:00 0 
7fbfb0000000-7fbfb0021000 rw-p 00000000 00:00 0 
7fbfb0021000-7fbfb4000000 ---p 00000000 00:00 0 
7fbfb4000000-7fbfb4021000 rw-p 00000000 00:00 0 
7fbfb4021000-7fbfb8000000 ---p 00000000 00:00 0 
7fbfb8000000-7fbfb8021000 rw-p 00000000 00:00 0 
7fbfb8021000-7fbfbc000000 ---p 00000000 00:00 0 
7fbfbc000000-7fbfbc021000 rw-p 00000000 00:00 0 
7fbfbc021000-7fbfc0000000 ---p 00000000 00:00 0 
7fbfc0000000-7fbfc0021000 rw-p 00000000 00:00 0 
7fbfc0021000-7fbfc4000000 ---p 00000000 00:00 0 
7fbfc40cc000-7fbfd4000000 rw-p 00000000 00:00 0 
7fbfd4000000-7fbfd4021000 rw-p 00000000 00:00 0 
7fbfd4021000-7fbfd8000000 ---p 00000000 00:00 0 
7fbfd8000000-7fbfd8021000 rw-p 00000000 00:00 0 
7fbfd8021000-7fbfdc000000 ---p 00000000 00:00 0 
7fbfdc000000-7fbfdc021000 rw-p 00000000 00:00 0 
7fbfdc021000-7fbfe0000000 ---p 00000000 00:00 0 
7fbfe002a000-7fbfe002d000 ---p 00000000 00:00 0 
7fbfe002d000-7fbfe015c000 rw-p 00000000 00:00 0 
7fbfe015c000-7fbfe017c000 r-xp 00000000 08:01 266293                     /lib/x86_64-linux-gnu/libselinux.so.1
7fbfe017c000-7fbfe037b000 ---p 00020000 08:01 266293                     /lib/x86_64-linux-gnu/libselinux.so.1
7fbfe037b000-7fbfe037c000 r--p 0001f000 08:01 266293                     /lib/x86_64-linux-gnu/libselinux.so.1
7fbfe037c000-7fbfe037d000 rw-p 00020000 08:01 266293                     /lib/x86_64-linux-gnu/libselinux.so.1
7fbfe037d000-7fbfe037f000 rw-p 00000000 00:00 0 
7fbfe037f000-7fbfe0382000 r-xp 00000000 08:01 525750                     /usr/lib/x86_64-linux-gnu/libgmodule-2.0.so.0.4002.0
7fbfe0382000-7fbfe0581000 ---p 00003000 08:01 525750                     /usr/lib/x86_64-linux-gnu/libgmodule-2.0.so.0.4002.0
7fbfe0581000-7fbfe0582000 r--p 00002000 08:01 525750                     /usr/lib/x86_64-linux-gnu/libgmodule-2.0.so.0.4002.0
7fbfe0582000-7fbfe0583000 rw-p 00003000 08:01 525750                     /usr/lib/x86_64-linux-gnu/libgmodule-2.0.so.0.4002.0
7fbfe0583000-7fbfe0689000 r-xp 00000000 08:01 266127                     /lib/x86_64-linux-gnu/libglib-2.0.so.0.4002.0
7fbfe0689000-7fbfe0888000 ---p 00106000 08:01 266127                     /lib/x86_64-linux-gnu/libglib-2.0.so.0.4002.0
7fbfe0888000-7fbfe0889000 r--p 00105000 08:01 266127                     /lib/x86_64-linux-gnu/libglib-2.0.so.0.4002.0
7fbfe0889000-7fbfe088a000 rw-p 00106000 08:01 266127                     /lib/x86_64-linux-gnu/libglib-2.0.so.0.4002.0
7fbfe088a000-7fbfe088b000 rw-p 00000000 00:00 0 
7fbfe088b000-7fbfe08da000 r-xp 00000000 08:01 525751                     /usr/lib/x86_64-linux-gnu/libgobject-2.0.so.0.4002.0
7fbfe08da000-7fbfe0ada000 ---p 0004f000 08:01 525751                     /usr/lib/x86_64-linux-gnu/libgobject-2.0.so.0.4002.0
7fbfe0ada000-7fbfe0adb000 r--p 0004f000 08:01 525751                     /usr/lib/x86_64-linux-gnu/libgobject-2.0.so.0.4002.0
7fbfe0adb000-7fbfe0adc000 rw-p 00050000 08:01 525751                     /usr/lib/x86_64-linux-gnu/libgobject-2.0.so.0.4002.0
7fbfe0adc000-7fbfe0c48000 r-xp 00000000 08:01 525753                     /usr/lib/x86_64-linux-gnu/libgio-2.0.so.0.4002.0
7fbfe0c48000-7fbfe0e47000 ---p 0016c000 08:01 525753                     /usr/lib/x86_64-linux-gnu/libgio-2.0.so.0.4002.0
7fbfe0e47000-7fbfe0e4b000 r--p 0016b000 08:01 525753                     /usr/lib/x86_64-linux-gnu/libgio-2.0.so.0.4002.0
7fbfe0e4b000-7fbfe0e4d000 rw-p 0016f000 08:01 525753                     /usr/lib/x86_64-linux-gnu/libgio-2.0.so.0.4002.0
7fbfe0e4d000-7fbfe0e4f000 rw-p 00000000 00:00 0 
7fbfe0e6f000-7fbfe0e86000 r-xp 00000000 08:01 531917                     /usr/lib/jvm/java-7-openjdk-amd64/jre/lib/amd64/libnet.so
7fbfe0e86000-7fbfe1085000 ---p 00017000 08:01 531917                     /usr/lib/jvm/java-7-openjdk-amd64/jre/lib/amd64/libnet.so
7fbfe1085000-7fbfe1086000 r--p 00016000 08:01 531917                     /usr/lib/jvm/java-7-openjdk-amd64/jre/lib/amd64/libnet.so
7fbfe1086000-7fbfe1087000 rw-p 00017000 08:01 531917                     /usr/lib/jvm/java-7-openjdk-amd64/jre/lib/amd64/libnet.so
7fbfe1087000-7fbfe1088000 ---p 00000000 00:00 0 
7fbfe1088000-7fbfe1188000 rw-p 00000000 00:00 0                          [stack:11776]
7fbfe1188000-7fbfe118b000 ---p 00000000 00:00 0 
7fbfe118b000-7fbfe1289000 rw-p 00000000 00:00 0                          [stack:11775]
7fbfe1289000-7fbfe128c000 ---p 00000000 00:00 0 
7fbfe128c000-7fbfe138a000 rw-p 00000000 00:00 0                          [stack:11774]
7fbfe138a000-7fbfe138d000 ---p 00000000 00:00 0 
7fbfe138d000-7fbfe148b000 rw-p 00000000 00:00 0                          [stack:11773]
7fbfe148b000-7fbfe148e000 ---p 00000000 00:00 0 
7fbfe148e000-7fbfe158c000 rw-p 00000000 00:00 0                          [stack:11770]
7fbfe158c000-7fbfe158f000 ---p 00000000 00:00 0 
7fbfe158f000-7fbfe168d000 rw-p 00000000 00:00 0                          [stack:11766]
7fbfe168d000-7fbfe1690000 ---p 00000000 00:00 0 
7fbfe1690000-7fbfe178e000 rw-p 00000000 00:00 0                          [stack:11765]
7fbfe178e000-7fbfe1792000 r-xp 00000000 08:01 531937                     /usr/lib/jvm/java-7-openjdk-amd64/jre/lib/amd64/libdt_socket.so
7fbfe1792000-7fbfe1991000 ---p 00004000 08:01 531937                     /usr/lib/jvm/java-7-openjdk-amd64/jre/lib/amd64/libdt_socket.so
7fbfe1991000-7fbfe1992000 r--p 00003000 08:01 531937                     /usr/lib/jvm/java-7-openjdk-amd64/jre/lib/amd64/libdt_socket.so
7fbfe1992000-7fbfe1993000 rw-p 00004000 08:01 531937                     /usr/lib/jvm/java-7-openjdk-amd64/jre/lib/amd64/libdt_socket.so
7fbfe1993000-7fbfe1996000 ---p 00000000 00:00 0 
7fbfe1996000-7fbfe1a94000 rw-p 00000000 00:00 0                          [stack:11763]
7fbfe1a94000-7fbfe1a97000 ---p 00000000 00:00 0 
7fbfe1a97000-7fbfe1b95000 rw-p 00000000 00:00 0                          [stack:11762]
7fbfe1b95000-7fbfe1b98000 ---p 00000000 00:00 0 
7fbfe1b98000-7fbfe1c96000 rw-p 00000000 00:00 0                          [stack:11761]
7fbfe1c96000-7fbfe1c97000 ---p 00000000 00:00 0 
7fbfe1c97000-7fbfe4000000 rw-p 00000000 00:00 0                          [stack:11760]
7fbfe4000000-7fbfe4021000 rw-p 00000000 00:00 0 
7fbfe4021000-7fbfe8000000 ---p 00000000 00:00 0 
7fbfe8000000-7fbfe8021000 rw-p 00000000 00:00 0 
7fbfe8021000-7fbfec000000 ---p 00000000 00:00 0 
7fbfec000000-7fbfec021000 rw-p 00000000 00:00 0 
7fbfec021000-7fbff0000000 ---p 00000000 00:00 0 
7fbff0013000-7fbff03e3000 rw-p 00000000 00:00 0 
7fbff03e3000-7fbff0595000 r--s 01d23000 08:01 531851                     /usr/lib/jvm/java-7-openjdk-amd64/jre/lib/rt.jar
7fbff0595000-7fbff1000000 rw-p 00000000 00:00 0 
7fbff1000000-7fbff1270000 rwxp 00000000 00:00 0 
7fbff1270000-7fbff41dc000 rw-p 00000000 00:00 0 
7fbff41dc000-7fbff8000000 ---p 00000000 00:00 0 
7fbff8002000-7fbff819b000 rw-p 00000000 00:00 0 
7fbff819b000-7fbff819c000 ---p 00000000 00:00 0 
7fbff819c000-7fbff829c000 rw-p 00000000 00:00 0                          [stack:11759]
7fbff829c000-7fbff829d000 ---p 00000000 00:00 0 
7fbff829d000-7fbff839d000 rw-p 00000000 00:00 0                          [stack:11758]
7fbff839d000-7fbff839e000 ---p 00000000 00:00 0 
7fbff839e000-7fbff849e000 rw-p 00000000 00:00 0                          [stack:11757]
7fbff849e000-7fbff849f000 ---p 00000000 00:00 0 
7fbff849f000-7fbff859f000 rw-p 00000000 00:00 0                          [stack:11756]
7fbff859f000-7fbff85a0000 ---p 00000000 00:00 0 
7fbff85a0000-7fbff86a0000 rw-p 00000000 00:00 0                          [stack:11755]
7fbff86a0000-7fbff86a1000 ---p 00000000 00:00 0 
7fbff86a1000-7fbff87ac000 rw-p 00000000 00:00 0                          [stack:11754]
7fbff87ac000-7fbff87f4000 rw-p 00000000 00:00 0 
7fbff87f4000-7fbff87ff000 rw-p 00000000 00:00 0 
7fbff87ff000-7fbff8847000 rw-p 00000000 00:00 0 
7fbff8847000-7fbff97e8000 rw-p 00000000 00:00 0 
7fbff97e8000-7fbff97f0000 r-xp 00000000 08:01 531939                     /usr/lib/jvm/java-7-openjdk-amd64/jre/lib/amd64/libzip.so
7fbff97f0000-7fbff99ef000 ---p 00008000 08:01 531939                     /usr/lib/jvm/java-7-openjdk-amd64/jre/lib/amd64/libzip.so
7fbff99ef000-7fbff99f0000 r--p 00007000 08:01 531939                     /usr/lib/jvm/java-7-openjdk-amd64/jre/lib/amd64/libzip.so
7fbff99f0000-7fbff99f1000 rw-p 00008000 08:01 531939                     /usr/lib/jvm/java-7-openjdk-amd64/jre/lib/amd64/libzip.so
7fbff99f1000-7fbff99fc000 r-xp 00000000 08:01 266092                     /lib/x86_64-linux-gnu/libnss_files-2.19.so
7fbff99fc000-7fbff9bfb000 ---p 0000b000 08:01 266092                     /lib/x86_64-linux-gnu/libnss_files-2.19.so
7fbff9bfb000-7fbff9bfc000 r--p 0000a000 08:01 266092                     /lib/x86_64-linux-gnu/libnss_files-2.19.so
7fbff9bfc000-7fbff9bfd000 rw-p 0000b000 08:01 266092                     /lib/x86_64-linux-gnu/libnss_files-2.19.so
7fbff9bfd000-7fbff9c08000 r-xp 00000000 08:01 262246                     /lib/x86_64-linux-gnu/libnss_nis-2.19.so
7fbff9c08000-7fbff9e07000 ---p 0000b000 08:01 262246                     /lib/x86_64-linux-gnu/libnss_nis-2.19.so
7fbff9e07000-7fbff9e08000 r--p 0000a000 08:01 262246                     /lib/x86_64-linux-gnu/libnss_nis-2.19.so
7fbff9e08000-7fbff9e09000 rw-p 0000b000 08:01 262246                     /lib/x86_64-linux-gnu/libnss_nis-2.19.so
7fbff9e09000-7fbff9e20000 r-xp 00000000 08:01 262240                     /lib/x86_64-linux-gnu/libnsl-2.19.so
7fbff9e20000-7fbffa01f000 ---p 00017000 08:01 262240                     /lib/x86_64-linux-gnu/libnsl-2.19.so
7fbffa01f000-7fbffa020000 r--p 00016000 08:01 262240                     /lib/x86_64-linux-gnu/libnsl-2.19.so
7fbffa020000-7fbffa021000 rw-p 00017000 08:01 262240                     /lib/x86_64-linux-gnu/libnsl-2.19.so
7fbffa021000-7fbffa023000 rw-p 00000000 00:00 0 
7fbffa023000-7fbffa02c000 r-xp 00000000 08:01 262237                     /lib/x86_64-linux-gnu/libnss_compat-2.19.so
7fbffa02c000-7fbffa22b000 ---p 00009000 08:01 262237                     /lib/x86_64-linux-gnu/libnss_compat-2.19.so
7fbffa22b000-7fbffa22c000 r--p 00008000 08:01 262237                     /lib/x86_64-linux-gnu/libnss_compat-2.19.so
7fbffa22c000-7fbffa22d000 rw-p 00009000 08:01 262237                     /lib/x86_64-linux-gnu/libnss_compat-2.19.so
7fbffa22d000-7fbffab70000 r--p 00000000 08:01 529665                     /usr/lib/locale/locale-archive
7fbffab70000-7fbffab73000 r-xp 00000000 08:01 531890                     /usr/lib/jvm/java-7-openjdk-amd64/jre/lib/amd64/libnpt.so
7fbffab73000-7fbffad72000 ---p 00003000 08:01 531890                     /usr/lib/jvm/java-7-openjdk-amd64/jre/lib/amd64/libnpt.so
7fbffad72000-7fbffad73000 r--p 00002000 08:01 531890                     /usr/lib/jvm/java-7-openjdk-amd64/jre/lib/amd64/libnpt.so
7fbffad73000-7fbffad74000 rw-p 00003000 08:01 531890                     /usr/lib/jvm/java-7-openjdk-amd64/jre/lib/amd64/libnpt.so
7fbffad74000-7fbffadae000 r-xp 00000000 08:01 531914                     /usr/lib/jvm/java-7-openjdk-amd64/jre/lib/amd64/libjdwp.so
7fbffadae000-7fbffafad000 ---p 0003a000 08:01 531914                     /usr/lib/jvm/java-7-openjdk-amd64/jre/lib/amd64/libjdwp.so
7fbffafad000-7fbffafae000 r--p 00039000 08:01 531914                     /usr/lib/jvm/java-7-openjdk-amd64/jre/lib/amd64/libjdwp.so
7fbffafae000-7fbffafaf000 rw-p 0003a000 08:01 531914                     /usr/lib/jvm/java-7-openjdk-amd64/jre/lib/amd64/libjdwp.so
7fbffafaf000-7fbffafda000 r-xp 00000000 08:01 531926                     /usr/lib/jvm/java-7-openjdk-amd64/jre/lib/amd64/libjava.so
7fbffafda000-7fbffb1da000 ---p 0002b000 08:01 531926                     /usr/lib/jvm/java-7-openjdk-amd64/jre/lib/amd64/libjava.so
7fbffb1da000-7fbffb1db000 r--p 0002b000 08:01 531926                     /usr/lib/jvm/java-7-openjdk-amd64/jre/lib/amd64/libjava.so
7fbffb1db000-7fbffb1dd000 rw-p 0002c000 08:01 531926                     /usr/lib/jvm/java-7-openjdk-amd64/jre/lib/amd64/libjava.so
7fbffb1dd000-7fbffb1ed000 r-xp 00000000 08:01 531925                     /usr/lib/jvm/java-7-openjdk-amd64/jre/lib/amd64/libverify.so
7fbffb1ed000-7fbffb3ec000 ---p 00010000 08:01 531925                     /usr/lib/jvm/java-7-openjdk-amd64/jre/lib/amd64/libverify.so
7fbffb3ec000-7fbffb3ee000 r--p 0000f000 08:01 531925                     /usr/lib/jvm/java-7-openjdk-amd64/jre/lib/amd64/libverify.so
7fbffb3ee000-7fbffb3ef000 rw-p 00011000 08:01 531925                     /usr/lib/jvm/java-7-openjdk-amd64/jre/lib/amd64/libverify.so
7fbffb3ef000-7fbffb3f6000 r-xp 00000000 08:01 262174                     /lib/x86_64-linux-gnu/librt-2.19.so
7fbffb3f6000-7fbffb5f5000 ---p 00007000 08:01 262174                     /lib/x86_64-linux-gnu/librt-2.19.so
7fbffb5f5000-7fbffb5f6000 r--p 00006000 08:01 262174                     /lib/x86_64-linux-gnu/librt-2.19.so
7fbffb5f6000-7fbffb5f7000 rw-p 00007000 08:01 262174                     /lib/x86_64-linux-gnu/librt-2.19.so
7fbffb5f7000-7fbffb60d000 r-xp 00000000 08:01 266140                     /lib/x86_64-linux-gnu/libgcc_s.so.1
7fbffb60d000-7fbffb80c000 ---p 00016000 08:01 266140                     /lib/x86_64-linux-gnu/libgcc_s.so.1
7fbffb80c000-7fbffb80d000 rw-p 00015000 08:01 266140                     /lib/x86_64-linux-gnu/libgcc_s.so.1
7fbffb80d000-7fbffb912000 r-xp 00000000 08:01 262239                     /lib/x86_64-linux-gnu/libm-2.19.so
7fbffb912000-7fbffbb11000 ---p 00105000 08:01 262239                     /lib/x86_64-linux-gnu/libm-2.19.so
7fbffbb11000-7fbffbb12000 r--p 00104000 08:01 262239                     /lib/x86_64-linux-gnu/libm-2.19.so
7fbffbb12000-7fbffbb13000 rw-p 00105000 08:01 262239                     /lib/x86_64-linux-gnu/libm-2.19.so
7fbffbb13000-7fbffbbf9000 r-xp 00000000 08:01 531602                     /usr/lib/x86_64-linux-gnu/libstdc++.so.6.0.19
7fbffbbf9000-7fbffbdf8000 ---p 000e6000 08:01 531602                     /usr/lib/x86_64-linux-gnu/libstdc++.so.6.0.19
7fbffbdf8000-7fbffbe00000 r--p 000e5000 08:01 531602                     /usr/lib/x86_64-linux-gnu/libstdc++.so.6.0.19
7fbffbe00000-7fbffbe02000 rw-p 000ed000 08:01 531602                     /usr/lib/x86_64-linux-gnu/libstdc++.so.6.0.19
7fbffbe02000-7fbffbe17000 rw-p 00000000 00:00 0 
7fbffbe17000-7fbffc92f000 r-xp 00000000 08:01 664686                     /usr/lib/jvm/java-7-openjdk-amd64/jre/lib/amd64/server/libjvm.so
7fbffc92f000-7fbffcb2f000 ---p 00b18000 08:01 664686                     /usr/lib/jvm/java-7-openjdk-amd64/jre/lib/amd64/server/libjvm.so
7fbffcb2f000-7fbffcbc9000 r--p 00b18000 08:01 664686                     /usr/lib/jvm/java-7-openjdk-amd64/jre/lib/amd64/server/libjvm.so
7fbffcbc9000-7fbffcbec000 rw-p 00bb2000 08:01 664686                     /usr/lib/jvm/java-7-openjdk-amd64/jre/lib/amd64/server/libjvm.so
7fbffcbec000-7fbffcc1a000 rw-p 00000000 00:00 0 
7fbffcc1a000-7fbffcc32000 r-xp 00000000 08:01 266326                     /lib/x86_64-linux-gnu/libz.so.1.2.8
7fbffcc32000-7fbffce31000 ---p 00018000 08:01 266326                     /lib/x86_64-linux-gnu/libz.so.1.2.8
7fbffce31000-7fbffce32000 r--p 00017000 08:01 266326                     /lib/x86_64-linux-gnu/libz.so.1.2.8
7fbffce32000-7fbffce33000 rw-p 00018000 08:01 266326                     /lib/x86_64-linux-gnu/libz.so.1.2.8
7fbffce33000-7fbffce4c000 r-xp 00000000 08:01 262248                     /lib/x86_64-linux-gnu/libpthread-2.19.so
7fbffce4c000-7fbffd04b000 ---p 00019000 08:01 262248                     /lib/x86_64-linux-gnu/libpthread-2.19.so
7fbffd04b000-7fbffd04c000 r--p 00018000 08:01 262248                     /lib/x86_64-linux-gnu/libpthread-2.19.so
7fbffd04c000-7fbffd04d000 rw-p 00019000 08:01 262248                     /lib/x86_64-linux-gnu/libpthread-2.19.so
7fbffd04d000-7fbffd051000 rw-p 00000000 00:00 0 
7fbffd051000-7fbffd054000 r-xp 00000000 08:01 262235                     /lib/x86_64-linux-gnu/libdl-2.19.so
7fbffd054000-7fbffd253000 ---p 00003000 08:01 262235                     /lib/x86_64-linux-gnu/libdl-2.19.so
7fbffd253000-7fbffd254000 r--p 00002000 08:01 262235                     /lib/x86_64-linux-gnu/libdl-2.19.so
7fbffd254000-7fbffd255000 rw-p 00003000 08:01 262235                     /lib/x86_64-linux-gnu/libdl-2.19.so
7fbffd255000-7fbffd410000 r-xp 00000000 08:01 262173                     /lib/x86_64-linux-gnu/libc-2.19.so
7fbffd410000-7fbffd610000 ---p 001bb000 08:01 262173                     /lib/x86_64-linux-gnu/libc-2.19.so
7fbffd610000-7fbffd614000 r--p 001bb000 08:01 262173                     /lib/x86_64-linux-gnu/libc-2.19.so
7fbffd614000-7fbffd616000 rw-p 001bf000 08:01 262173                     /lib/x86_64-linux-gnu/libc-2.19.so
7fbffd616000-7fbffd61b000 rw-p 00000000 00:00 0 
7fbffd61b000-7fbffd628000 r-xp 00000000 08:01 664684                     /usr/lib/jvm/java-7-openjdk-amd64/jre/lib/amd64/jli/libjli.so
7fbffd628000-7fbffd827000 ---p 0000d000 08:01 664684                     /usr/lib/jvm/java-7-openjdk-amd64/jre/lib/amd64/jli/libjli.so
7fbffd827000-7fbffd828000 r--p 0000c000 08:01 664684                     /usr/lib/jvm/java-7-openjdk-amd64/jre/lib/amd64/jli/libjli.so
7fbffd828000-7fbffd829000 rw-p 0000d000 08:01 664684                     /usr/lib/jvm/java-7-openjdk-amd64/jre/lib/amd64/jli/libjli.so
7fbffd829000-7fbffd84c000 r-xp 00000000 08:01 262163                     /lib/x86_64-linux-gnu/ld-2.19.so
7fbffd859000-7fbffd85a000 rw-p 00000000 00:00 0 
7fbffd85a000-7fbffd85c000 r--s 0000a000 08:01 932590                     /usr/share/java/hamcrest-core-1.3.jar
7fbffd85c000-7fbffd863000 r--s 00036000 08:01 932597                     /usr/share/java/junit4-4.11.jar
7fbffd863000-7fbffd86d000 rw-p 00000000 00:00 0 
7fbffd86d000-7fbffd923000 rw-p 00000000 00:00 0 
7fbffd923000-7fbffd926000 ---p 00000000 00:00 0 
7fbffd926000-7fbffda2a000 rw-p 00000000 00:00 0                          [stack:11753]
7fbffda2a000-7fbffda2c000 r--s 0000a000 08:01 932590                     /usr/share/java/hamcrest-core-1.3.jar
7fbffda2c000-7fbffda2f000 r--s 0000f000 08:01 664618                     /usr/lib/jvm/java-7-openjdk-amd64/jre/lib/ext/icedtea-sound.jar
7fbffda2f000-7fbffda33000 r--s 00034000 08:01 664620                     /usr/lib/jvm/java-7-openjdk-amd64/jre/lib/ext/sunjce_provider.jar
7fbffda33000-7fbffda35000 r--s 00006000 08:01 932267                     /usr/share/java/java-atk-wrapper.jar
7fbffda35000-7fbffda37000 r--s 00012000 08:01 664621                     /usr/lib/jvm/java-7-openjdk-amd64/jre/lib/ext/zipfs.jar
7fbffda37000-7fbffda38000 r--s 00002000 08:01 664622                     /usr/lib/jvm/java-7-openjdk-amd64/jre/lib/ext/dnsns.jar
7fbffda38000-7fbffda3c000 r--s 0003c000 08:01 664619                     /usr/lib/jvm/java-7-openjdk-amd64/jre/lib/ext/sunpkcs11.jar
7fbffda3c000-7fbffda3f000 r--s 00086000 08:01 664623                     /usr/lib/jvm/java-7-openjdk-amd64/jre/lib/ext/localedata.jar
7fbffda3f000-7fbffda47000 rw-s 00000000 08:01 5898378                    /tmp/hsperfdata_marcusrodan/11746
7fbffda47000-7fbffda48000 rw-p 00000000 00:00 0 
7fbffda48000-7fbffda49000 r--p 00000000 00:00 0 
7fbffda49000-7fbffda4b000 rw-p 00000000 00:00 0 
7fbffda4b000-7fbffda4c000 r--p 00022000 08:01 262163                     /lib/x86_64-linux-gnu/ld-2.19.so
7fbffda4c000-7fbffda4d000 rw-p 00023000 08:01 262163                     /lib/x86_64-linux-gnu/ld-2.19.so
7fbffda4d000-7fbffda4e000 rw-p 00000000 00:00 0 
7fff670ad000-7fff670ce000 rw-p 00000000 00:00 0                          [stack]
7fff6714a000-7fff6714c000 r-xp 00000000 00:00 0                          [vdso]
ffffffffff600000-ffffffffff601000 r-xp 00000000 00:00 0                  [vsyscall]

VM Arguments:
jvm_args: -agentlib:jdwp=transport=dt_socket,suspend=y,address=localhost:36965 -Xmx8000M -Xms8000M -Dfile.encoding=UTF-8 
java_command: org.eclipse.jdt.internal.junit.runner.RemoteTestRunner -version 3 -port 33476 -testLoaderClass org.eclipse.jdt.internal.junit4.runner.JUnit4TestLoader -loaderpluginname org.eclipse.jdt.junit4.runtime -classNames TestGS
Launcher Type: SUN_STANDARD

Environment Variables:
PATH=/usr/local/sbin:/usr/local/bin:/usr/sbin:/usr/bin:/sbin:/bin:/usr/games:/usr/local/games
LD_LIBRARY_PATH=/usr/lib32
SHELL=/bin/bash
DISPLAY=:0

Signal Handlers:
SIGSEGV: [libjvm.so+0x94b4b0], sa_mask[0]=0x7ffbfeff, sa_flags=0x10000004
SIGBUS: [libjvm.so+0x94b4b0], sa_mask[0]=0x7ffbfeff, sa_flags=0x10000004
SIGFPE: [libjvm.so+0x7c3390], sa_mask[0]=0x7ffbfeff, sa_flags=0x10000004
SIGPIPE: [libjvm.so+0x7c3390], sa_mask[0]=0x7ffbfeff, sa_flags=0x10000004
SIGXFSZ: [libjvm.so+0x7c3390], sa_mask[0]=0x7ffbfeff, sa_flags=0x10000004
SIGILL: [libjvm.so+0x7c3390], sa_mask[0]=0x7ffbfeff, sa_flags=0x10000004
SIGUSR1: SIG_DFL, sa_mask[0]=0x00000000, sa_flags=0x00000000
SIGUSR2: [libjvm.so+0x7c3230], sa_mask[0]=0x00000004, sa_flags=0x10000004
SIGHUP: [libjvm.so+0x7c3410], sa_mask[0]=0x7ffbfeff, sa_flags=0x10000004
SIGINT: [libjvm.so+0x7c3410], sa_mask[0]=0x7ffbfeff, sa_flags=0x10000004
SIGTERM: [libjvm.so+0x7c3410], sa_mask[0]=0x7ffbfeff, sa_flags=0x10000004
SIGQUIT: [libjvm.so+0x7c3410], sa_mask[0]=0x7ffbfeff, sa_flags=0x10000004
SIGTRAP: SIG_DFL, sa_mask[0]=0x00000000, sa_flags=0x00000000


---------------  S Y S T E M  ---------------

OS:Ubuntu 14.04 (trusty)
uname:Linux 3.13.0-45-generic #74-Ubuntu SMP Tue Jan 13 19:36:28 UTC 2015 x86_64
libc:glibc 2.19 NPTL 2.19 
rlimit: STACK 8192k, CORE 0k, NPROC 63187, NOFILE 4096, AS infinity
load average:0,64 0,51 0,40

/proc/meminfo:
MemTotal:        8175572 kB
MemFree:         2450040 kB
Buffers:          301708 kB
Cached:          2056540 kB
SwapCached:            0 kB
Active:          3645524 kB
Inactive:        1233176 kB
Active(anon):    2523176 kB
Inactive(anon):    43352 kB
Active(file):    1122348 kB
Inactive(file):  1189824 kB
Unevictable:          32 kB
Mlocked:              32 kB
SwapTotal:       8385532 kB
SwapFree:        8385532 kB
Dirty:              2420 kB
Writeback:             0 kB
AnonPages:       2520336 kB
Mapped:           749048 kB
Shmem:             46080 kB
Slab:             238376 kB
SReclaimable:     196524 kB
SUnreclaim:        41852 kB
KernelStack:        5936 kB
PageTables:        47424 kB
NFS_Unstable:          0 kB
Bounce:                0 kB
WritebackTmp:          0 kB
CommitLimit:    12473316 kB
Committed_AS:   23816436 kB
VmallocTotal:   34359738367 kB
VmallocUsed:      315944 kB
VmallocChunk:   34359416596 kB
HardwareCorrupted:     0 kB
AnonHugePages:   1136640 kB
HugePages_Total:       0
HugePages_Free:        0
HugePages_Rsvd:        0
HugePages_Surp:        0
Hugepagesize:       2048 kB
DirectMap4k:      508480 kB
DirectMap2M:     6830080 kB
DirectMap1G:     1048576 kB


CPU:total 6 (6 cores per cpu, 1 threads per core) family 16 model 10 stepping 0, cmov, cx8, fxsr, mmx, sse, sse2, sse3, popcnt, mmxext, 3dnowpref, lzcnt, sse4a, tsc, tscinvbit, tscinv

/proc/cpuinfo:
processor	: 0
vendor_id	: AuthenticAMD
cpu family	: 16
model		: 10
model name	: AMD Phenom(tm) II X6 1090T Processor
stepping	: 0
microcode	: 0x10000bf
cpu MHz		: 1600.000
cache size	: 512 KB
physical id	: 0
siblings	: 6
core id		: 0
cpu cores	: 6
apicid		: 0
initial apicid	: 0
fpu		: yes
fpu_exception	: yes
cpuid level	: 6
wp		: yes
flags		: fpu vme de pse tsc msr pae mce cx8 apic sep mtrr pge mca cmov pat pse36 clflush mmx fxsr sse sse2 ht syscall nx mmxext fxsr_opt pdpe1gb rdtscp lm 3dnowext 3dnow constant_tsc rep_good nopl nonstop_tsc extd_apicid aperfmperf pni monitor cx16 popcnt lahf_lm cmp_legacy svm extapic cr8_legacy abm sse4a misalignsse 3dnowprefetch osvw ibs skinit wdt cpb hw_pstate npt lbrv svm_lock nrip_save pausefilter vmmcall
bogomips	: 7448.91
TLB size	: 1024 4K pages
clflush size	: 64
cache_alignment	: 64
address sizes	: 48 bits physical, 48 bits virtual
power management: ts ttp tm stc 100mhzsteps hwpstate cpb

processor	: 1
vendor_id	: AuthenticAMD
cpu family	: 16
model		: 10
model name	: AMD Phenom(tm) II X6 1090T Processor
stepping	: 0
microcode	: 0x10000bf
cpu MHz		: 3200.000
cache size	: 512 KB
physical id	: 0
siblings	: 6
core id		: 1
cpu cores	: 6
apicid		: 1
initial apicid	: 1
fpu		: yes
fpu_exception	: yes
cpuid level	: 6
wp		: yes
flags		: fpu vme de pse tsc msr pae mce cx8 apic sep mtrr pge mca cmov pat pse36 clflush mmx fxsr sse sse2 ht syscall nx mmxext fxsr_opt pdpe1gb rdtscp lm 3dnowext 3dnow constant_tsc rep_good nopl nonstop_tsc extd_apicid aperfmperf pni monitor cx16 popcnt lahf_lm cmp_legacy svm extapic cr8_legacy abm sse4a misalignsse 3dnowprefetch osvw ibs skinit wdt cpb hw_pstate npt lbrv svm_lock nrip_save pausefilter vmmcall
bogomips	: 7448.91
TLB size	: 1024 4K pages
clflush size	: 64
cache_alignment	: 64
address sizes	: 48 bits physical, 48 bits virtual
power management: ts ttp tm stc 100mhzsteps hwpstate cpb

processor	: 2
vendor_id	: AuthenticAMD
cpu family	: 16
model		: 10
model name	: AMD Phenom(tm) II X6 1090T Processor
stepping	: 0
microcode	: 0x10000bf
cpu MHz		: 2400.000
cache size	: 512 KB
physical id	: 0
siblings	: 6
core id		: 2
cpu cores	: 6
apicid		: 2
initial apicid	: 2
fpu		: yes
fpu_exception	: yes
cpuid level	: 6
wp		: yes
flags		: fpu vme de pse tsc msr pae mce cx8 apic sep mtrr pge mca cmov pat pse36 clflush mmx fxsr sse sse2 ht syscall nx mmxext fxsr_opt pdpe1gb rdtscp lm 3dnowext 3dnow constant_tsc rep_good nopl nonstop_tsc extd_apicid aperfmperf pni monitor cx16 popcnt lahf_lm cmp_legacy svm extapic cr8_legacy abm sse4a misalignsse 3dnowprefetch osvw ibs skinit wdt cpb hw_pstate npt lbrv svm_lock nrip_save pausefilter vmmcall
bogomips	: 7448.91
TLB size	: 1024 4K pages
clflush size	: 64
cache_alignment	: 64
address sizes	: 48 bits physical, 48 bits virtual
power management: ts ttp tm stc 100mhzsteps hwpstate cpb

processor	: 3
vendor_id	: AuthenticAMD
cpu family	: 16
model		: 10
model name	: AMD Phenom(tm) II X6 1090T Processor
stepping	: 0
microcode	: 0x10000bf
cpu MHz		: 3200.000
cache size	: 512 KB
physical id	: 0
siblings	: 6
core id		: 3
cpu cores	: 6
apicid		: 3
initial apicid	: 3
fpu		: yes
fpu_exception	: yes
cpuid level	: 6
wp		: yes
flags		: fpu vme de pse tsc msr pae mce cx8 apic sep mtrr pge mca cmov pat pse36 clflush mmx fxsr sse sse2 ht syscall nx mmxext fxsr_opt pdpe1gb rdtscp lm 3dnowext 3dnow constant_tsc rep_good nopl nonstop_tsc extd_apicid aperfmperf pni monitor cx16 popcnt lahf_lm cmp_legacy svm extapic cr8_legacy abm sse4a misalignsse 3dnowprefetch osvw ibs skinit wdt cpb hw_pstate npt lbrv svm_lock nrip_save pausefilter vmmcall
bogomips	: 7448.91
TLB size	: 1024 4K pages
clflush size	: 64
cache_alignment	: 64
address sizes	: 48 bits physical, 48 bits virtual
power management: ts ttp tm stc 100mhzsteps hwpstate cpb

processor	: 4
vendor_id	: AuthenticAMD
cpu family	: 16
model		: 10
model name	: AMD Phenom(tm) II X6 1090T Processor
stepping	: 0
microcode	: 0x10000bf
cpu MHz		: 3200.000
cache size	: 512 KB
physical id	: 0
siblings	: 6
core id		: 4
cpu cores	: 6
apicid		: 4
initial apicid	: 4
fpu		: yes
fpu_exception	: yes
cpuid level	: 6
wp		: yes
flags		: fpu vme de pse tsc msr pae mce cx8 apic sep mtrr pge mca cmov pat pse36 clflush mmx fxsr sse sse2 ht syscall nx mmxext fxsr_opt pdpe1gb rdtscp lm 3dnowext 3dnow constant_tsc rep_good nopl nonstop_tsc extd_apicid aperfmperf pni monitor cx16 popcnt lahf_lm cmp_legacy svm extapic cr8_legacy abm sse4a misalignsse 3dnowprefetch osvw ibs skinit wdt cpb hw_pstate npt lbrv svm_lock nrip_save pausefilter vmmcall
bogomips	: 7448.91
TLB size	: 1024 4K pages
clflush size	: 64
cache_alignment	: 64
address sizes	: 48 bits physical, 48 bits virtual
power management: ts ttp tm stc 100mhzsteps hwpstate cpb

processor	: 5
vendor_id	: AuthenticAMD
cpu family	: 16
model		: 10
model name	: AMD Phenom(tm) II X6 1090T Processor
stepping	: 0
microcode	: 0x10000bf
cpu MHz		: 3200.000
cache size	: 512 KB
physical id	: 0
siblings	: 6
core id		: 5
cpu cores	: 6
apicid		: 5
initial apicid	: 5
fpu		: yes
fpu_exception	: yes
cpuid level	: 6
wp		: yes
flags		: fpu vme de pse tsc msr pae mce cx8 apic sep mtrr pge mca cmov pat pse36 clflush mmx fxsr sse sse2 ht syscall nx mmxext fxsr_opt pdpe1gb rdtscp lm 3dnowext 3dnow constant_tsc rep_good nopl nonstop_tsc extd_apicid aperfmperf pni monitor cx16 popcnt lahf_lm cmp_legacy svm extapic cr8_legacy abm sse4a misalignsse 3dnowprefetch osvw ibs skinit wdt cpb hw_pstate npt lbrv svm_lock nrip_save pausefilter vmmcall
bogomips	: 7448.91
TLB size	: 1024 4K pages
clflush size	: 64
cache_alignment	: 64
address sizes	: 48 bits physical, 48 bits virtual
power management: ts ttp tm stc 100mhzsteps hwpstate cpb



Memory: 4k page, physical 8175572k(2450040k free), swap 8385532k(8385532k free)

vm_info: OpenJDK 64-Bit Server VM (24.75-b04) for linux-amd64 JRE (1.7.0_75-b13), built on Jan 27 2015 00:38:59 by "buildd" with gcc 4.8.2

time: Mon Apr 27 23:27:47 2015
elapsed time: 248 seconds

